<?xml version="1.0" encoding="utf-8"?><testsuites name="pytest tests"><testsuite name="pytest" errors="0" failures="0" skipped="0" tests="29" time="74.452" timestamp="2026-08-31T13:11:57.075347+00:00" hostname="agent-env-d59f9ec1-154e-4508-864e-44d4bb90e24e"><testcase classname="tests.test_feemat_v2_1.TestProGates402" name="test_free_homework_402" time="2.135" /><testcase classname="tests.test_feemat_v2_1.TestProGates402" name="test_free_exams_402" time="0.151" /><testcase classname="tests.test_feemat_v2_1.TestProGates402" name="test_free_reports_402" time="0.210" /><testcase classname="tests.test_feemat_v2_1.TestProGates402" name="test_free_announcements_402" time="0.129" /><testcase classname="tests.test_feemat_v2_1.TestProGates402" name="test_free_idcard_402" time="0.282" /><testcase classname="tests.test_feemat_v2_1.TestProGates402" name="test_free_exam_marks_402" time="0.146" /><testcase classname="tests.test_feemat_v2_1.TestUpgradeMock" name="test_upgrade_monthly_active" time="0.126" /><testcase classname="tests.test_feemat_v2_1.TestUpgradeMock" name="test_pro_endpoints_now_200" time="0.783" /><testcase classname="tests.test_feemat_v2_1.TestUpgradeMock" name="test_upgrade_yearly_snapshot" time="0.550" /><testcase classname="tests.test_feemat_v2_1.TestSetupConnection" name="test_student_joins_pro_teacher" time="0.511" /><testcase classname="tests.test_feemat_v2_1.TestIdCard" name="test_idcard_payload_shape_and_safe_qr" time="0.240" /><testcase classname="tests.test_feemat_v2_1.TestIdCard" name="test_institute_phone_gated_by_public_phone" time="0.616" /><testcase classname="tests.test_feemat_v2_1.TestIdCard" name="test_idcard_cross_teacher_forbidden" time="0.301" /><testcase classname="tests.test_feemat_v2_1.TestIdCard" name="test_idcard_student_role_forbidden" time="0.292" /><testcase classname="tests.test_feemat_v2_1.TestReminders" name="test_fee_month_auto_reminder_dedup" time="0.400" /><testcase classname="tests.test_feemat_v2_1.TestReminders" name="test_reminder_prefs_defaults_and_partial_put_merge" time="0.844" /><testcase classname="tests.test_feemat_v2_1.TestReminders" name="test_reminders_run_dedup_same_day" time="0.361" /><testcase classname="tests.test_feemat_v2_1.TestReminders" name="test_reminders_overdue_off_skips_overdue" time="0.520" /><testcase classname="tests.test_feemat_v2_1.TestNotificationDedup" name="test_direct_db_dedup" time="0.004" /><testcase classname="tests.test_feemat_v2_1.TestCancel" name="test_cancel_reverts_and_preserves_data" time="1.039" /><testcase classname="tests.test_feemat_v2_1.TestAutoDowngrade" name="test_expired_plan_auto_downgrades_and_data_intact" time="0.755" /><testcase classname="tests.test_feemat_v2_1.TestAuthBoundaries" name="test_new_endpoints_require_bearer" time="38.170" /><testcase classname="tests.test_feemat_v2_1.TestAuthBoundaries" name="test_student_403_on_teacher_endpoints" time="20.222" /><testcase classname="tests.test_feemat_v2_1.TestBackwardsCompat" name="test_dashboard_shape" time="0.302" /><testcase classname="tests.test_feemat_v2_1.TestBackwardsCompat" name="test_teacher_students_shape" time="0.160" /><testcase classname="tests.test_feemat_v2_1.TestRegressionSmoke" name="test_root" time="0.194" /><testcase classname="tests.test_feemat_v2_1.TestRegressionSmoke" name="test_signup_duplicate_409" time="4.231" /><testcase classname="tests.test_feemat_v2_1.TestRegressionSmoke" name="test_classes_batches_subjects_crud" time="0.490" /><testcase classname="tests.test_feemat_v2_1.TestRegressionSmoke" name="test_notifications_list" time="0.164" /></testsuite></testsuites>