<?xml version="1.0" encoding="utf-8"?><testsuites name="pytest tests"><testsuite name="pytest" errors="0" failures="0" skipped="0" tests="84" time="206.384" timestamp="2026-08-31T13:17:19.001981+00:00" hostname="agent-env-d59f9ec1-154e-4508-864e-44d4bb90e24e"><testcase classname="tests.test_feemat_v2.TestAuth" name="test_root_health" time="0.168" /><testcase classname="tests.test_feemat_v2.TestAuth" name="test_teacher_signup" time="0.363" /><testcase classname="tests.test_feemat_v2.TestAuth" name="test_student_signup" time="0.367" /><testcase classname="tests.test_feemat_v2.TestAuth" name="test_signup_duplicate_email" time="0.183" /><testcase classname="tests.test_feemat_v2.TestAuth" name="test_login" time="0.374" /><testcase classname="tests.test_feemat_v2.TestAuth" name="test_login_bad_pw" time="0.442" /><testcase classname="tests.test_feemat_v2.TestAuth" name="test_me_endpoint" time="0.196" /><testcase classname="tests.test_feemat_v2.TestAuth" name="test_me_bad_token" time="0.164" /><testcase classname="tests.test_feemat_v2.TestAuth" name="test_me_no_token" time="0.133" /><testcase classname="tests.test_feemat_v2.TestAuth" name="test_forgot_password" time="0.772" /><testcase classname="tests.test_feemat_v2.TestAuth" name="test_role_boundary_403" time="0.313" /><testcase classname="tests.test_feemat_v2.TestTeacherProfile" name="test_get_profile" time="0.118" /><testcase classname="tests.test_feemat_v2.TestTeacherProfile" name="test_update_profile" time="0.189" /><testcase classname="tests.test_feemat_v2.TestTeacherProfile" name="test_public_teacher_lookup_by_student" time="0.148" /><testcase classname="tests.test_feemat_v2.TestTeacherProfile" name="test_teacher_lookup_404" time="0.142" /><testcase classname="tests.test_feemat_v2.TestJoinRequests" name="test_create_request" time="0.190" /><testcase classname="tests.test_feemat_v2.TestJoinRequests" name="test_duplicate_request_409" time="0.160" /><testcase classname="tests.test_feemat_v2.TestJoinRequests" name="test_incoming_requests_visible" time="0.142" /><testcase classname="tests.test_feemat_v2.TestJoinRequests" name="test_public_lookup_shows_pending" time="0.131" /><testcase classname="tests.test_feemat_v2.TestJoinRequests" name="test_accept_request" time="0.162" /><testcase classname="tests.test_feemat_v2.TestJoinRequests" name="test_reject_flow_with_second_student" time="0.731" /><testcase classname="tests.test_feemat_v2.TestFreePlanGate" name="test_free_plan_limit_code_present" time="0.000" /><testcase classname="tests.test_feemat_v2.TestFreePlanGate" name="test_free_plan_gate_live_simulation" time="1.275" /><testcase classname="tests.test_feemat_v2.TestFreePlanGate" name="test_free_plan_gate_bypassed_after_upgrade" time="1.399" /><testcase classname="tests.test_feemat_v2.TestFeeMonths" name="test_setup_monthly_fee" time="0.151" /><testcase classname="tests.test_feemat_v2.TestFeeMonths" name="test_fee_months_generated" time="0.126" /><testcase classname="tests.test_feemat_v2.TestFeeMonths" name="test_idempotent_generation" time="0.322" /><testcase classname="tests.test_feemat_v2.TestFeeMonths" name="test_initial_status_due_or_overdue" time="0.000" /><testcase classname="tests.test_feemat_v2.TestInstallmentsReceipts" name="test_partial_installment_earliest" time="0.129" /><testcase classname="tests.test_feemat_v2.TestInstallmentsReceipts" name="test_partial_status_reflected" time="0.176" /><testcase classname="tests.test_feemat_v2.TestInstallmentsReceipts" name="test_month_specific_installment" time="0.162" /><testcase classname="tests.test_feemat_v2.TestInstallmentsReceipts" name="test_first_month_now_paid" time="0.158" /><testcase classname="tests.test_feemat_v2.TestInstallmentsReceipts" name="test_overflow_to_advance" time="0.286" /><testcase classname="tests.test_feemat_v2.TestInstallmentsReceipts" name="test_receipt_ownership_teacher" time="0.183" /><testcase classname="tests.test_feemat_v2.TestInstallmentsReceipts" name="test_receipt_ownership_student" time="0.171" /><testcase classname="tests.test_feemat_v2.TestInstallmentsReceipts" name="test_receipt_not_found" time="0.142" /><testcase classname="tests.test_feemat_v2.TestAdjustments" name="test_adjust_with_discount_and_fine" time="0.572" /><testcase classname="tests.test_feemat_v2.TestAdjustments" name="test_waive_recomputes_status" time="0.536" /><testcase classname="tests.test_feemat_v2.TestAttendance" name="test_mark_and_upsert" time="0.851" /><testcase classname="tests.test_feemat_v2.TestAttendance" name="test_attendance_pct" time="0.143" /><testcase classname="tests.test_feemat_v2.TestTaxonomy" name="test_class_crud" time="0.598" /><testcase classname="tests.test_feemat_v2.TestTaxonomy" name="test_batch_crud" time="0.318" /><testcase classname="tests.test_feemat_v2.TestTaxonomy" name="test_subject_crud" time="0.513" /><testcase classname="tests.test_feemat_v2.TestHomework" name="test_homework_all_target" time="0.604" /><testcase classname="tests.test_feemat_v2.TestHomework" name="test_homework_class_target_filters" time="0.409" /><testcase classname="tests.test_feemat_v2.TestExamsMarks" name="test_create_exam_and_marks" time="0.295" /><testcase classname="tests.test_feemat_v2.TestExamsMarks" name="test_student_results" time="0.158" /><testcase classname="tests.test_feemat_v2.TestAnnouncements" name="test_announcement_notification" time="0.354" /><testcase classname="tests.test_feemat_v2.TestReports" name="test_reports_structure" time="0.292" /><testcase classname="tests.test_feemat_v2.TestSubscription" name="test_get_default_free" time="0.354" /><testcase classname="tests.test_feemat_v2.TestSubscription" name="test_upgrade_monthly" time="0.933" /><testcase classname="tests.test_feemat_v2.TestSubscription" name="test_upgrade_yearly" time="0.152" /><testcase classname="tests.test_feemat_v2.TestSubscription" name="test_cancel_reverts_free" time="0.349" /><testcase classname="tests.test_feemat_v2.TestNotifications" name="test_list_and_read" time="0.660" /><testcase classname="tests.test_feemat_v2.TestDataIsolation" name="test_second_teacher_cannot_access" time="0.978" /><testcase classname="tests.test_feemat_v2_1.TestProGates402" name="test_free_homework_402" time="1.927" /><testcase classname="tests.test_feemat_v2_1.TestProGates402" name="test_free_exams_402" time="0.154" /><testcase classname="tests.test_feemat_v2_1.TestProGates402" name="test_free_reports_402" time="0.261" /><testcase classname="tests.test_feemat_v2_1.TestProGates402" name="test_free_announcements_402" time="0.156" /><testcase classname="tests.test_feemat_v2_1.TestProGates402" name="test_free_idcard_402" time="0.185" /><testcase classname="tests.test_feemat_v2_1.TestProGates402" name="test_free_exam_marks_402" time="0.167" /><testcase classname="tests.test_feemat_v2_1.TestUpgradeMock" name="test_upgrade_monthly_active" time="0.160" /><testcase classname="tests.test_feemat_v2_1.TestUpgradeMock" name="test_pro_endpoints_now_200" time="0.740" /><testcase classname="tests.test_feemat_v2_1.TestUpgradeMock" name="test_upgrade_yearly_snapshot" time="0.529" /><testcase classname="tests.test_feemat_v2_1.TestSetupConnection" name="test_student_joins_pro_teacher" time="0.461" /><testcase classname="tests.test_feemat_v2_1.TestIdCard" name="test_idcard_payload_shape_and_safe_qr" time="0.174" /><testcase classname="tests.test_feemat_v2_1.TestIdCard" name="test_institute_phone_gated_by_public_phone" time="1.208" /><testcase classname="tests.test_feemat_v2_1.TestIdCard" name="test_idcard_cross_teacher_forbidden" time="0.389" /><testcase classname="tests.test_feemat_v2_1.TestIdCard" name="test_idcard_student_role_forbidden" time="0.197" /><testcase classname="tests.test_feemat_v2_1.TestReminders" name="test_fee_month_auto_reminder_dedup" time="0.389" /><testcase classname="tests.test_feemat_v2_1.TestReminders" name="test_reminder_prefs_defaults_and_partial_put_merge" time="0.891" /><testcase classname="tests.test_feemat_v2_1.TestReminders" name="test_reminders_run_dedup_same_day" time="0.307" /><testcase classname="tests.test_feemat_v2_1.TestReminders" name="test_reminders_overdue_off_skips_overdue" time="0.502" /><testcase classname="tests.test_feemat_v2_1.TestNotificationDedup" name="test_direct_db_dedup" time="0.004" /><testcase classname="tests.test_feemat_v2_1.TestCancel" name="test_cancel_reverts_and_preserves_data" time="0.953" /><testcase classname="tests.test_feemat_v2_1.TestAutoDowngrade" name="test_expired_plan_auto_downgrades_and_data_intact" time="0.626" /><testcase classname="tests.test_feemat_v2_1.TestAuthBoundaries" name="test_new_endpoints_require_bearer" time="37.562" /><testcase classname="tests.test_feemat_v2_1.TestAuthBoundaries" name="test_student_403_on_teacher_endpoints" time="3.603" /><testcase classname="tests.test_feemat_v2_1.TestBackwardsCompat" name="test_dashboard_shape" time="0.312" /><testcase classname="tests.test_feemat_v2_1.TestBackwardsCompat" name="test_teacher_students_shape" time="0.146" /><testcase classname="tests.test_feemat_v2_1.TestRegressionSmoke" name="test_root" time="134.010" /><testcase classname="tests.test_feemat_v2_1.TestRegressionSmoke" name="test_signup_duplicate_409" time="0.237" /><testcase classname="tests.test_feemat_v2_1.TestRegressionSmoke" name="test_classes_batches_subjects_crud" time="0.544" /><testcase classname="tests.test_feemat_v2_1.TestRegressionSmoke" name="test_notifications_list" time="0.140" /></testsuite></testsuites>