<?xml version="1.0" encoding="utf-8"?><testsuites name="pytest tests"><testsuite name="pytest" errors="0" failures="0" skipped="0" tests="55" time="121.971" timestamp="2026-08-31T08:08:26.703030+00:00" hostname="agent-env-d59f9ec1-154e-4508-864e-44d4bb90e24e"><testcase classname="tests.test_feemat_v2.TestAuth" name="test_root_health" time="0.157" /><testcase classname="tests.test_feemat_v2.TestAuth" name="test_teacher_signup" time="0.322" /><testcase classname="tests.test_feemat_v2.TestAuth" name="test_student_signup" time="0.333" /><testcase classname="tests.test_feemat_v2.TestAuth" name="test_signup_duplicate_email" time="0.110" /><testcase classname="tests.test_feemat_v2.TestAuth" name="test_login" time="0.346" /><testcase classname="tests.test_feemat_v2.TestAuth" name="test_login_bad_pw" time="0.341" /><testcase classname="tests.test_feemat_v2.TestAuth" name="test_me_endpoint" time="0.122" /><testcase classname="tests.test_feemat_v2.TestAuth" name="test_me_bad_token" time="0.110" /><testcase classname="tests.test_feemat_v2.TestAuth" name="test_me_no_token" time="0.128" /><testcase classname="tests.test_feemat_v2.TestAuth" name="test_forgot_password" time="0.646" /><testcase classname="tests.test_feemat_v2.TestAuth" name="test_role_boundary_403" time="0.207" /><testcase classname="tests.test_feemat_v2.TestTeacherProfile" name="test_get_profile" time="0.132" /><testcase classname="tests.test_feemat_v2.TestTeacherProfile" name="test_update_profile" time="0.112" /><testcase classname="tests.test_feemat_v2.TestTeacherProfile" name="test_public_teacher_lookup_by_student" time="0.122" /><testcase classname="tests.test_feemat_v2.TestTeacherProfile" name="test_teacher_lookup_404" time="0.142" /><testcase classname="tests.test_feemat_v2.TestJoinRequests" name="test_create_request" time="0.117" /><testcase classname="tests.test_feemat_v2.TestJoinRequests" name="test_duplicate_request_409" time="0.109" /><testcase classname="tests.test_feemat_v2.TestJoinRequests" name="test_incoming_requests_visible" time="0.108" /><testcase classname="tests.test_feemat_v2.TestJoinRequests" name="test_public_lookup_shows_pending" time="0.120" /><testcase classname="tests.test_feemat_v2.TestJoinRequests" name="test_accept_request" time="0.102" /><testcase classname="tests.test_feemat_v2.TestJoinRequests" name="test_reject_flow_with_second_student" time="0.542" /><testcase classname="tests.test_feemat_v2.TestFreePlanGate" name="test_free_plan_limit_code_present" time="0.000" /><testcase classname="tests.test_feemat_v2.TestFreePlanGate" name="test_free_plan_gate_live_simulation" time="1.124" /><testcase classname="tests.test_feemat_v2.TestFreePlanGate" name="test_free_plan_gate_bypassed_after_upgrade" time="1.398" /><testcase classname="tests.test_feemat_v2.TestFeeMonths" name="test_setup_monthly_fee" time="0.109" /><testcase classname="tests.test_feemat_v2.TestFeeMonths" name="test_fee_months_generated" time="0.123" /><testcase classname="tests.test_feemat_v2.TestFeeMonths" name="test_idempotent_generation" time="0.217" /><testcase classname="tests.test_feemat_v2.TestFeeMonths" name="test_initial_status_due_or_overdue" time="0.000" /><testcase classname="tests.test_feemat_v2.TestInstallmentsReceipts" name="test_partial_installment_earliest" time="0.116" /><testcase classname="tests.test_feemat_v2.TestInstallmentsReceipts" name="test_partial_status_reflected" time="0.144" /><testcase classname="tests.test_feemat_v2.TestInstallmentsReceipts" name="test_month_specific_installment" time="0.136" /><testcase classname="tests.test_feemat_v2.TestInstallmentsReceipts" name="test_first_month_now_paid" time="0.117" /><testcase classname="tests.test_feemat_v2.TestInstallmentsReceipts" name="test_overflow_to_advance" time="35.916" /><testcase classname="tests.test_feemat_v2.TestInstallmentsReceipts" name="test_receipt_ownership_teacher" time="0.171" /><testcase classname="tests.test_feemat_v2.TestInstallmentsReceipts" name="test_receipt_ownership_student" time="0.118" /><testcase classname="tests.test_feemat_v2.TestInstallmentsReceipts" name="test_receipt_not_found" time="36.154" /><testcase classname="tests.test_feemat_v2.TestAdjustments" name="test_adjust_with_discount_and_fine" time="0.446" /><testcase classname="tests.test_feemat_v2.TestAdjustments" name="test_waive_recomputes_status" time="0.408" /><testcase classname="tests.test_feemat_v2.TestAttendance" name="test_mark_and_upsert" time="36.529" /><testcase classname="tests.test_feemat_v2.TestAttendance" name="test_attendance_pct" time="0.107" /><testcase classname="tests.test_feemat_v2.TestTaxonomy" name="test_class_crud" time="0.405" /><testcase classname="tests.test_feemat_v2.TestTaxonomy" name="test_batch_crud" time="0.227" /><testcase classname="tests.test_feemat_v2.TestTaxonomy" name="test_subject_crud" time="0.373" /><testcase classname="tests.test_feemat_v2.TestHomework" name="test_homework_all_target" time="0.247" /><testcase classname="tests.test_feemat_v2.TestHomework" name="test_homework_class_target_filters" time="0.223" /><testcase classname="tests.test_feemat_v2.TestExamsMarks" name="test_create_exam_and_marks" time="0.238" /><testcase classname="tests.test_feemat_v2.TestExamsMarks" name="test_student_results" time="0.161" /><testcase classname="tests.test_feemat_v2.TestAnnouncements" name="test_announcement_notification" time="0.259" /><testcase classname="tests.test_feemat_v2.TestReports" name="test_reports_structure" time="0.120" /><testcase classname="tests.test_feemat_v2.TestSubscription" name="test_get_default_free" time="0.090" /><testcase classname="tests.test_feemat_v2.TestSubscription" name="test_upgrade_monthly" time="0.112" /><testcase classname="tests.test_feemat_v2.TestSubscription" name="test_upgrade_yearly" time="0.135" /><testcase classname="tests.test_feemat_v2.TestSubscription" name="test_cancel_reverts_free" time="0.245" /><testcase classname="tests.test_feemat_v2.TestNotifications" name="test_list_and_read" time="0.494" /><testcase classname="tests.test_feemat_v2.TestDataIsolation" name="test_second_teacher_cannot_access" time="0.792" /></testsuite></testsuites>